mode: atomic
gitlab.com/lambospeed/kyc/integrations/idology/expectid/request.go:16.78,22.16 3 4
gitlab.com/lambospeed/kyc/integrations/idology/expectid/request.go:26.2,29.8 3 4
gitlab.com/lambospeed/kyc/integrations/idology/expectid/request.go:22.16,24.3 1 0
gitlab.com/lambospeed/kyc/integrations/idology/expectid/request.go:34.68,53.43 7 5
gitlab.com/lambospeed/kyc/integrations/idology/expectid/request.go:59.2,59.56 1 5
gitlab.com/lambospeed/kyc/integrations/idology/expectid/request.go:65.2,65.48 1 5
gitlab.com/lambospeed/kyc/integrations/idology/expectid/request.go:71.2,92.39 12 5
gitlab.com/lambospeed/kyc/integrations/idology/expectid/request.go:105.2,105.47 1 5
gitlab.com/lambospeed/kyc/integrations/idology/expectid/request.go:115.2,117.29 2 5
gitlab.com/lambospeed/kyc/integrations/idology/expectid/request.go:123.2,123.31 1 5
gitlab.com/lambospeed/kyc/integrations/idology/expectid/request.go:131.2,155.19 13 5
gitlab.com/lambospeed/kyc/integrations/idology/expectid/request.go:53.43,55.3 1 5
gitlab.com/lambospeed/kyc/integrations/idology/expectid/request.go:55.8,57.3 1 0
gitlab.com/lambospeed/kyc/integrations/idology/expectid/request.go:59.56,61.3 1 5
gitlab.com/lambospeed/kyc/integrations/idology/expectid/request.go:61.8,63.3 1 0
gitlab.com/lambospeed/kyc/integrations/idology/expectid/request.go:65.48,67.3 1 5
gitlab.com/lambospeed/kyc/integrations/idology/expectid/request.go:67.8,69.3 1 0
gitlab.com/lambospeed/kyc/integrations/idology/expectid/request.go:92.39,93.39 1 5
gitlab.com/lambospeed/kyc/integrations/idology/expectid/request.go:93.39,95.26 2 5
gitlab.com/lambospeed/kyc/integrations/idology/expectid/request.go:98.4,100.9 2 5
gitlab.com/lambospeed/kyc/integrations/idology/expectid/request.go:95.26,97.5 1 5
gitlab.com/lambospeed/kyc/integrations/idology/expectid/request.go:105.47,110.3 2 5
gitlab.com/lambospeed/kyc/integrations/idology/expectid/request.go:110.8,113.3 2 0
gitlab.com/lambospeed/kyc/integrations/idology/expectid/request.go:117.29,119.3 1 0
gitlab.com/lambospeed/kyc/integrations/idology/expectid/request.go:119.8,121.3 1 5
gitlab.com/lambospeed/kyc/integrations/idology/expectid/request.go:123.31,125.3 1 0
gitlab.com/lambospeed/kyc/integrations/idology/expectid/request.go:125.8,125.44 1 5
gitlab.com/lambospeed/kyc/integrations/idology/expectid/request.go:125.44,127.3 1 0
gitlab.com/lambospeed/kyc/integrations/idology/expectid/request.go:127.8,129.3 1 5
gitlab.com/lambospeed/kyc/integrations/idology/expectid/response.go:65.124,66.65 1 8
gitlab.com/lambospeed/kyc/integrations/idology/expectid/response.go:74.2,74.26 1 8
gitlab.com/lambospeed/kyc/integrations/idology/expectid/response.go:93.2,93.26 1 8
gitlab.com/lambospeed/kyc/integrations/idology/expectid/response.go:102.2,102.25 1 8
gitlab.com/lambospeed/kyc/integrations/idology/expectid/response.go:109.2,109.8 1 8
gitlab.com/lambospeed/kyc/integrations/idology/expectid/response.go:66.65,67.22 1 3
gitlab.com/lambospeed/kyc/integrations/idology/expectid/response.go:67.22,71.4 1 3
gitlab.com/lambospeed/kyc/integrations/idology/expectid/response.go:75.12,76.30 1 1
gitlab.com/lambospeed/kyc/integrations/idology/expectid/response.go:84.13,85.24 1 7
gitlab.com/lambospeed/kyc/integrations/idology/expectid/response.go:77.16,78.28 1 1
gitlab.com/lambospeed/kyc/integrations/idology/expectid/response.go:79.16,80.26 1 0
gitlab.com/lambospeed/kyc/integrations/idology/expectid/response.go:81.16,82.27 1 0
gitlab.com/lambospeed/kyc/integrations/idology/expectid/response.go:86.14,87.28 1 3
gitlab.com/lambospeed/kyc/integrations/idology/expectid/response.go:88.33,89.26 1 4
gitlab.com/lambospeed/kyc/integrations/idology/expectid/response.go:93.26,100.3 2 0
gitlab.com/lambospeed/kyc/integrations/idology/expectid/response.go:102.25,104.45 2 3
gitlab.com/lambospeed/kyc/integrations/idology/expectid/response.go:104.45,106.4 1 5
gitlab.com/lambospeed/kyc/integrations/idology/expectid/client.go:18.39,22.2 1 3
gitlab.com/lambospeed/kyc/integrations/idology/expectid/client.go:25.131,26.21 1 4
gitlab.com/lambospeed/kyc/integrations/idology/expectid/client.go:32.2,35.16 3 4
gitlab.com/lambospeed/kyc/integrations/idology/expectid/client.go:40.2,40.27 1 4
gitlab.com/lambospeed/kyc/integrations/idology/expectid/client.go:46.2,48.8 2 3
gitlab.com/lambospeed/kyc/integrations/idology/expectid/client.go:26.21,30.3 3 0
gitlab.com/lambospeed/kyc/integrations/idology/expectid/client.go:35.16,38.3 2 0
gitlab.com/lambospeed/kyc/integrations/idology/expectid/client.go:40.27,44.3 3 1
